<?xml version="1.0" encoding="UTF-8"?>
<testng-results skipped="0" failed="2" ignored="0" total="18" passed="16">
  <reporter-output>
  </reporter-output>
  <suite name="Suite" duration-ms="295992" started-at="2019-08-04T15:05:41Z" finished-at="2019-08-04T15:10:37Z">
    <groups>
    </groups>
    <test name="ChromeTestCase" duration-ms="141697" started-at="2019-08-04T15:05:41Z" finished-at="2019-08-04T15:08:03Z">
      <class name="crossBrowsers.BuyDresses">
        <test-method status="PASS" signature="buyfiveDresses(java.lang.String)[pri:0, instance:crossBrowsers.BuyDresses@396a51ab]" name="buyfiveDresses" is-config="true" duration-ms="9142" started-at="2019-08-04T15:05:41Z" finished-at="2019-08-04T15:05:50Z">
          <params>
            <param index="0">
              <value>
                <![CDATA[chrome]]>
              </value>
            </param>
          </params>
          <reporter-output>
          </reporter-output>
        </test-method> <!-- buyfiveDresses -->
        <test-method status="PASS" signature="DressTab()[pri:1, instance:crossBrowsers.BuyDresses@396a51ab]" name="DressTab" duration-ms="1406" started-at="2019-08-04T15:05:50Z" finished-at="2019-08-04T15:05:52Z">
          <reporter-output>
          </reporter-output>
        </test-method> <!-- DressTab -->
        <test-method status="PASS" signature="firstDress()[pri:2, instance:crossBrowsers.BuyDresses@396a51ab]" name="firstDress" duration-ms="6437" started-at="2019-08-04T15:05:52Z" finished-at="2019-08-04T15:05:58Z">
          <reporter-output>
          </reporter-output>
        </test-method> <!-- firstDress -->
        <test-method status="PASS" signature="secondDress()[pri:3, instance:crossBrowsers.BuyDresses@396a51ab]" name="secondDress" duration-ms="4398" started-at="2019-08-04T15:05:58Z" finished-at="2019-08-04T15:06:03Z">
          <reporter-output>
          </reporter-output>
        </test-method> <!-- secondDress -->
        <test-method status="PASS" signature="thirdDress()[pri:4, instance:crossBrowsers.BuyDresses@396a51ab]" name="thirdDress" duration-ms="18268" started-at="2019-08-04T15:06:03Z" finished-at="2019-08-04T15:06:21Z">
          <reporter-output>
          </reporter-output>
        </test-method> <!-- thirdDress -->
        <test-method status="PASS" signature="fourthDress()[pri:5, instance:crossBrowsers.BuyDresses@396a51ab]" name="fourthDress" duration-ms="37388" started-at="2019-08-04T15:06:21Z" finished-at="2019-08-04T15:06:58Z">
          <reporter-output>
          </reporter-output>
        </test-method> <!-- fourthDress -->
        <test-method status="PASS" signature="fifthChiffonDress()[pri:6, instance:crossBrowsers.BuyDresses@396a51ab]" name="fifthChiffonDress" duration-ms="23072" started-at="2019-08-04T15:06:58Z" finished-at="2019-08-04T15:07:21Z">
          <reporter-output>
          </reporter-output>
        </test-method> <!-- fifthChiffonDress -->
        <test-method status="PASS" signature="contcatUs()[pri:7, instance:crossBrowsers.BuyDresses@396a51ab]" name="contcatUs" duration-ms="6288" started-at="2019-08-04T15:07:21Z" finished-at="2019-08-04T15:07:28Z">
          <reporter-output>
          </reporter-output>
        </test-method> <!-- contcatUs -->
        <test-method status="FAIL" signature="CartShopCost()[pri:8, instance:crossBrowsers.BuyDresses@396a51ab]" name="CartShopCost" duration-ms="10233" started-at="2019-08-04T15:07:28Z" finished-at="2019-08-04T15:07:38Z">
          <exception class="org.openqa.selenium.NoSuchElementException">
            <message>
              <![CDATA[no such element: Unable to locate element: {"method":"xpath","selector":"//*[@id="product_6_31_0_198772"]/td[2]/p/a"}
  (Session info: chrome=76.0.3809.87)
For documentation on this error, please visit: https://www.seleniumhq.org/exceptions/no_such_element.html
Build info: version: '3.141.59', revision: 'e82be7d358', time: '2018-11-14T08:25:53'
System info: host: 'DESKTOP-SQDCUHU', ip: '10.0.0.140', os.name: 'Windows 10', os.arch: 'amd64', os.version: '10.0', java.version: '1.8.0_201'
Driver info: org.openqa.selenium.chrome.ChromeDriver
Capabilities {acceptInsecureCerts: false, browserName: chrome, browserVersion: 76.0.3809.87, chrome: {chromedriverVersion: 76.0.3809.68 (420c9498db8ce..., userDataDir: C:\Users\HP\AppData\Local\T...}, goog:chromeOptions: {debuggerAddress: localhost:61405}, javascriptEnabled: true, networkConnectionEnabled: false, pageLoadStrategy: normal, platform: XP, platformName: XP, proxy: Proxy(), setWindowRect: true, strictFileInteractability: false, timeouts: {implicit: 0, pageLoad: 300000, script: 30000}, unhandledPromptBehavior: dismiss and notify}
Session ID: dd3fc3ed70f6404cb45fa1ec8de6d925
*** Element info: {Using=xpath, value=//*[@id="product_6_31_0_198772"]/td[2]/p/a}]]>
            </message>
            <full-stacktrace>
              <![CDATA[org.openqa.selenium.NoSuchElementException: no such element: Unable to locate element: {"method":"xpath","selector":"//*[@id="product_6_31_0_198772"]/td[2]/p/a"}
  (Session info: chrome=76.0.3809.87)
For documentation on this error, please visit: https://www.seleniumhq.org/exceptions/no_such_element.html
Build info: version: '3.141.59', revision: 'e82be7d358', time: '2018-11-14T08:25:53'
System info: host: 'DESKTOP-SQDCUHU', ip: '10.0.0.140', os.name: 'Windows 10', os.arch: 'amd64', os.version: '10.0', java.version: '1.8.0_201'
Driver info: org.openqa.selenium.chrome.ChromeDriver
Capabilities {acceptInsecureCerts: false, browserName: chrome, browserVersion: 76.0.3809.87, chrome: {chromedriverVersion: 76.0.3809.68 (420c9498db8ce..., userDataDir: C:\Users\HP\AppData\Local\T...}, goog:chromeOptions: {debuggerAddress: localhost:61405}, javascriptEnabled: true, networkConnectionEnabled: false, pageLoadStrategy: normal, platform: XP, platformName: XP, proxy: Proxy(), setWindowRect: true, strictFileInteractability: false, timeouts: {implicit: 0, pageLoad: 300000, script: 30000}, unhandledPromptBehavior: dismiss and notify}
Session ID: dd3fc3ed70f6404cb45fa1ec8de6d925
*** Element info: {Using=xpath, value=//*[@id="product_6_31_0_198772"]/td[2]/p/a}
at sun.reflect.NativeConstructorAccessorImpl.newInstance0(Native Method)
at sun.reflect.NativeConstructorAccessorImpl.newInstance(Unknown Source)
at sun.reflect.DelegatingConstructorAccessorImpl.newInstance(Unknown Source)
at java.lang.reflect.Constructor.newInstance(Unknown Source)
at org.openqa.selenium.remote.http.W3CHttpResponseCodec.createException(W3CHttpResponseCodec.java:187)
at org.openqa.selenium.remote.http.W3CHttpResponseCodec.decode(W3CHttpResponseCodec.java:122)
at org.openqa.selenium.remote.http.W3CHttpResponseCodec.decode(W3CHttpResponseCodec.java:49)
at org.openqa.selenium.remote.HttpCommandExecutor.execute(HttpCommandExecutor.java:158)
at org.openqa.selenium.remote.service.DriverCommandExecutor.execute(DriverCommandExecutor.java:83)
at org.openqa.selenium.remote.RemoteWebDriver.execute(RemoteWebDriver.java:552)
at org.openqa.selenium.remote.RemoteWebDriver.findElement(RemoteWebDriver.java:323)
at org.openqa.selenium.remote.RemoteWebDriver.findElementByXPath(RemoteWebDriver.java:428)
at org.openqa.selenium.By$ByXPath.findElement(By.java:353)
at org.openqa.selenium.remote.RemoteWebDriver.findElement(RemoteWebDriver.java:315)
at crossBrowsers.BuyDresses.CartShopCost(BuyDresses.java:295)
at sun.reflect.NativeMethodAccessorImpl.invoke0(Native Method)
at sun.reflect.NativeMethodAccessorImpl.invoke(Unknown Source)
at sun.reflect.DelegatingMethodAccessorImpl.invoke(Unknown Source)
at java.lang.reflect.Method.invoke(Unknown Source)
at org.testng.internal.MethodInvocationHelper.invokeMethod(MethodInvocationHelper.java:124)
at org.testng.internal.Invoker.invokeMethod(Invoker.java:583)
at org.testng.internal.Invoker.invokeTestMethod(Invoker.java:719)
at org.testng.internal.Invoker.invokeTestMethods(Invoker.java:989)
at org.testng.internal.TestMethodWorker.invokeTestMethods(TestMethodWorker.java:125)
at org.testng.internal.TestMethodWorker.run(TestMethodWorker.java:109)
at org.testng.TestRunner.privateRun(TestRunner.java:648)
at org.testng.TestRunner.run(TestRunner.java:505)
at org.testng.SuiteRunner.runTest(SuiteRunner.java:455)
at org.testng.SuiteRunner.runSequentially(SuiteRunner.java:450)
at org.testng.SuiteRunner.privateRun(SuiteRunner.java:415)
at org.testng.SuiteRunner.run(SuiteRunner.java:364)
at org.testng.SuiteRunnerWorker.runSuite(SuiteRunnerWorker.java:52)
at org.testng.SuiteRunnerWorker.run(SuiteRunnerWorker.java:84)
at org.testng.TestNG.runSuitesSequentially(TestNG.java:1208)
at org.testng.TestNG.runSuitesLocally(TestNG.java:1137)
at org.testng.TestNG.runSuites(TestNG.java:1049)
at org.testng.TestNG.run(TestNG.java:1017)
at org.testng.remote.AbstractRemoteTestNG.run(AbstractRemoteTestNG.java:115)
at org.testng.remote.RemoteTestNG.initAndRun(RemoteTestNG.java:251)
at org.testng.remote.RemoteTestNG.main(RemoteTestNG.java:77)
]]>
            </full-stacktrace>
          </exception> <!-- org.openqa.selenium.NoSuchElementException -->
          <reporter-output>
          </reporter-output>
        </test-method> <!-- CartShopCost -->
        <test-method status="PASS" signature="SignInOut()[pri:9, instance:crossBrowsers.BuyDresses@396a51ab]" name="SignInOut" duration-ms="24053" started-at="2019-08-04T15:07:38Z" finished-at="2019-08-04T15:08:02Z">
          <reporter-output>
          </reporter-output>
        </test-method> <!-- SignInOut -->
        <test-method status="PASS" signature="CloseBrowser()[pri:0, instance:crossBrowsers.BuyDresses@396a51ab]" name="CloseBrowser" is-config="true" duration-ms="949" started-at="2019-08-04T15:08:02Z" finished-at="2019-08-04T15:08:03Z">
          <reporter-output>
          </reporter-output>
        </test-method> <!-- CloseBrowser -->
      </class> <!-- crossBrowsers.BuyDresses -->
    </test> <!-- ChromeTestCase -->
    <test name="FirefoxTestCase" duration-ms="154224" started-at="2019-08-04T15:08:03Z" finished-at="2019-08-04T15:10:37Z">
      <class name="crossBrowsers.BuyDresses">
        <test-method status="PASS" signature="buyfiveDresses(java.lang.String)[pri:0, instance:crossBrowsers.BuyDresses@475530b9]" name="buyfiveDresses" is-config="true" duration-ms="11445" started-at="2019-08-04T15:08:03Z" finished-at="2019-08-04T15:08:14Z">
          <params>
            <param index="0">
              <value>
                <![CDATA[firefox]]>
              </value>
            </param>
          </params>
          <reporter-output>
          </reporter-output>
        </test-method> <!-- buyfiveDresses -->
        <test-method status="PASS" signature="DressTab()[pri:1, instance:crossBrowsers.BuyDresses@475530b9]" name="DressTab" duration-ms="2188" started-at="2019-08-04T15:08:14Z" finished-at="2019-08-04T15:08:17Z">
          <reporter-output>
          </reporter-output>
        </test-method> <!-- DressTab -->
        <test-method status="PASS" signature="firstDress()[pri:2, instance:crossBrowsers.BuyDresses@475530b9]" name="firstDress" duration-ms="6981" started-at="2019-08-04T15:08:17Z" finished-at="2019-08-04T15:08:24Z">
          <reporter-output>
          </reporter-output>
        </test-method> <!-- firstDress -->
        <test-method status="PASS" signature="secondDress()[pri:3, instance:crossBrowsers.BuyDresses@475530b9]" name="secondDress" duration-ms="4584" started-at="2019-08-04T15:08:24Z" finished-at="2019-08-04T15:08:28Z">
          <reporter-output>
          </reporter-output>
        </test-method> <!-- secondDress -->
        <test-method status="PASS" signature="thirdDress()[pri:4, instance:crossBrowsers.BuyDresses@475530b9]" name="thirdDress" duration-ms="19371" started-at="2019-08-04T15:08:28Z" finished-at="2019-08-04T15:08:48Z">
          <reporter-output>
          </reporter-output>
        </test-method> <!-- thirdDress -->
        <test-method status="PASS" signature="fourthDress()[pri:5, instance:crossBrowsers.BuyDresses@475530b9]" name="fourthDress" duration-ms="35998" started-at="2019-08-04T15:08:48Z" finished-at="2019-08-04T15:09:24Z">
          <reporter-output>
          </reporter-output>
        </test-method> <!-- fourthDress -->
        <test-method status="PASS" signature="fifthChiffonDress()[pri:6, instance:crossBrowsers.BuyDresses@475530b9]" name="fifthChiffonDress" duration-ms="25830" started-at="2019-08-04T15:09:24Z" finished-at="2019-08-04T15:09:49Z">
          <reporter-output>
          </reporter-output>
        </test-method> <!-- fifthChiffonDress -->
        <test-method status="PASS" signature="contcatUs()[pri:7, instance:crossBrowsers.BuyDresses@475530b9]" name="contcatUs" duration-ms="7509" started-at="2019-08-04T15:09:49Z" finished-at="2019-08-04T15:09:57Z">
          <reporter-output>
          </reporter-output>
        </test-method> <!-- contcatUs -->
        <test-method status="FAIL" signature="CartShopCost()[pri:8, instance:crossBrowsers.BuyDresses@475530b9]" name="CartShopCost" duration-ms="10333" started-at="2019-08-04T15:09:57Z" finished-at="2019-08-04T15:10:07Z">
          <exception class="org.openqa.selenium.NoSuchElementException">
            <message>
              <![CDATA[Unable to locate element: //*[@id="product_6_31_0_198772"]/td[2]/p/a
For documentation on this error, please visit: https://www.seleniumhq.org/exceptions/no_such_element.html
Build info: version: '3.141.59', revision: 'e82be7d358', time: '2018-11-14T08:25:53'
System info: host: 'DESKTOP-SQDCUHU', ip: '10.0.0.140', os.name: 'Windows 10', os.arch: 'amd64', os.version: '10.0', java.version: '1.8.0_201'
Driver info: org.openqa.selenium.firefox.FirefoxDriver
Capabilities {acceptInsecureCerts: true, browserName: firefox, browserVersion: 68.0.1, javascriptEnabled: true, moz:accessibilityChecks: false, moz:buildID: 20190717172542, moz:geckodriverVersion: 0.24.0, moz:headless: false, moz:processID: 14040, moz:profile: C:\Users\HP\AppData\Local\T..., moz:shutdownTimeout: 60000, moz:useNonSpecCompliantPointerOrigin: false, moz:webdriverClick: true, pageLoadStrategy: normal, platform: WINDOWS, platformName: WINDOWS, platformVersion: 10.0, rotatable: false, setWindowRect: true, strictFileInteractability: false, timeouts: {implicit: 0, pageLoad: 300000, script: 30000}, unhandledPromptBehavior: dismiss and notify}
Session ID: d6118132-0997-426a-84d3-0ac79fdb4092
*** Element info: {Using=xpath, value=//*[@id="product_6_31_0_198772"]/td[2]/p/a}]]>
            </message>
            <full-stacktrace>
              <![CDATA[org.openqa.selenium.NoSuchElementException: Unable to locate element: //*[@id="product_6_31_0_198772"]/td[2]/p/a
For documentation on this error, please visit: https://www.seleniumhq.org/exceptions/no_such_element.html
Build info: version: '3.141.59', revision: 'e82be7d358', time: '2018-11-14T08:25:53'
System info: host: 'DESKTOP-SQDCUHU', ip: '10.0.0.140', os.name: 'Windows 10', os.arch: 'amd64', os.version: '10.0', java.version: '1.8.0_201'
Driver info: org.openqa.selenium.firefox.FirefoxDriver
Capabilities {acceptInsecureCerts: true, browserName: firefox, browserVersion: 68.0.1, javascriptEnabled: true, moz:accessibilityChecks: false, moz:buildID: 20190717172542, moz:geckodriverVersion: 0.24.0, moz:headless: false, moz:processID: 14040, moz:profile: C:\Users\HP\AppData\Local\T..., moz:shutdownTimeout: 60000, moz:useNonSpecCompliantPointerOrigin: false, moz:webdriverClick: true, pageLoadStrategy: normal, platform: WINDOWS, platformName: WINDOWS, platformVersion: 10.0, rotatable: false, setWindowRect: true, strictFileInteractability: false, timeouts: {implicit: 0, pageLoad: 300000, script: 30000}, unhandledPromptBehavior: dismiss and notify}
Session ID: d6118132-0997-426a-84d3-0ac79fdb4092
*** Element info: {Using=xpath, value=//*[@id="product_6_31_0_198772"]/td[2]/p/a}
at sun.reflect.NativeConstructorAccessorImpl.newInstance0(Native Method)
at sun.reflect.NativeConstructorAccessorImpl.newInstance(Unknown Source)
at sun.reflect.DelegatingConstructorAccessorImpl.newInstance(Unknown Source)
at java.lang.reflect.Constructor.newInstance(Unknown Source)
at org.openqa.selenium.remote.http.W3CHttpResponseCodec.createException(W3CHttpResponseCodec.java:187)
at org.openqa.selenium.remote.http.W3CHttpResponseCodec.decode(W3CHttpResponseCodec.java:122)
at org.openqa.selenium.remote.http.W3CHttpResponseCodec.decode(W3CHttpResponseCodec.java:49)
at org.openqa.selenium.remote.HttpCommandExecutor.execute(HttpCommandExecutor.java:158)
at org.openqa.selenium.remote.service.DriverCommandExecutor.execute(DriverCommandExecutor.java:83)
at org.openqa.selenium.remote.RemoteWebDriver.execute(RemoteWebDriver.java:552)
at org.openqa.selenium.remote.RemoteWebDriver.findElement(RemoteWebDriver.java:323)
at org.openqa.selenium.remote.RemoteWebDriver.findElementByXPath(RemoteWebDriver.java:428)
at org.openqa.selenium.By$ByXPath.findElement(By.java:353)
at org.openqa.selenium.remote.RemoteWebDriver.findElement(RemoteWebDriver.java:315)
at crossBrowsers.BuyDresses.CartShopCost(BuyDresses.java:295)
at sun.reflect.NativeMethodAccessorImpl.invoke0(Native Method)
at sun.reflect.NativeMethodAccessorImpl.invoke(Unknown Source)
at sun.reflect.DelegatingMethodAccessorImpl.invoke(Unknown Source)
at java.lang.reflect.Method.invoke(Unknown Source)
at org.testng.internal.MethodInvocationHelper.invokeMethod(MethodInvocationHelper.java:124)
at org.testng.internal.Invoker.invokeMethod(Invoker.java:583)
at org.testng.internal.Invoker.invokeTestMethod(Invoker.java:719)
at org.testng.internal.Invoker.invokeTestMethods(Invoker.java:989)
at org.testng.internal.TestMethodWorker.invokeTestMethods(TestMethodWorker.java:125)
at org.testng.internal.TestMethodWorker.run(TestMethodWorker.java:109)
at org.testng.TestRunner.privateRun(TestRunner.java:648)
at org.testng.TestRunner.run(TestRunner.java:505)
at org.testng.SuiteRunner.runTest(SuiteRunner.java:455)
at org.testng.SuiteRunner.runSequentially(SuiteRunner.java:450)
at org.testng.SuiteRunner.privateRun(SuiteRunner.java:415)
at org.testng.SuiteRunner.run(SuiteRunner.java:364)
at org.testng.SuiteRunnerWorker.runSuite(SuiteRunnerWorker.java:52)
at org.testng.SuiteRunnerWorker.run(SuiteRunnerWorker.java:84)
at org.testng.TestNG.runSuitesSequentially(TestNG.java:1208)
at org.testng.TestNG.runSuitesLocally(TestNG.java:1137)
at org.testng.TestNG.runSuites(TestNG.java:1049)
at org.testng.TestNG.run(TestNG.java:1017)
at org.testng.remote.AbstractRemoteTestNG.run(AbstractRemoteTestNG.java:115)
at org.testng.remote.RemoteTestNG.initAndRun(RemoteTestNG.java:251)
at org.testng.remote.RemoteTestNG.main(RemoteTestNG.java:77)
]]>
            </full-stacktrace>
          </exception> <!-- org.openqa.selenium.NoSuchElementException -->
          <reporter-output>
          </reporter-output>
        </test-method> <!-- CartShopCost -->
        <test-method status="PASS" signature="SignInOut()[pri:9, instance:crossBrowsers.BuyDresses@475530b9]" name="SignInOut" duration-ms="25488" started-at="2019-08-04T15:10:07Z" finished-at="2019-08-04T15:10:33Z">
          <reporter-output>
          </reporter-output>
        </test-method> <!-- SignInOut -->
        <test-method status="PASS" signature="CloseBrowser()[pri:0, instance:crossBrowsers.BuyDresses@475530b9]" name="CloseBrowser" is-config="true" duration-ms="4458" started-at="2019-08-04T15:10:33Z" finished-at="2019-08-04T15:10:37Z">
          <reporter-output>
          </reporter-output>
        </test-method> <!-- CloseBrowser -->
      </class> <!-- crossBrowsers.BuyDresses -->
    </test> <!-- FirefoxTestCase -->
  </suite> <!-- Suite -->
</testng-results>
